# JRE version: OpenJDK Runtime Environment (11.0.10) (build 11.0.10+0-b96-7249189)
# Java VM: OpenJDK 64-Bit Server VM (11.0.10+0-b96-7249189, mixed mode, tiered, compressed oops, g1 gc, windows-amd64)
Heap:
 garbage-first heap   total 211968K, used 135897K [0x0000000080000000, 0x0000000100000000)
  region size 1024K, 38 young (38912K), 11 survivors (11264K)
 Metaspace       used 104924K, capacity 107570K, committed 107904K, reserved 1142784K
  class space    used 13425K, capacity 14385K, committed 14464K, reserved 1048576K
GC Heap History (20 events):
Event: 20.741 GC heap before
{Heap before GC invocations=27 (full 0):
 garbage-first heap   total 133120K, used 103559K [0x0000000080000000, 0x0000000100000000)
  region size 1024K, 43 young (44032K), 6 survivors (6144K)
 Metaspace       used 75146K, capacity 76837K, committed 76928K, reserved 1116160K
  class space    used 9667K, capacity 10317K, committed 10368K, reserved 1048576K
}
Event: 20.765 GC heap after
{Heap after GC invocations=28 (full 0):
 garbage-first heap   total 133120K, used 68444K [0x0000000080000000, 0x0000000100000000)
  region size 1024K, 6 young (6144K), 6 survivors (6144K)
 Metaspace       used 75146K, capacity 76837K, committed 76928K, reserved 1116160K
  class space    used 9667K, capacity 10317K, committed 10368K, reserved 1048576K
}
Event: 21.452 GC heap before
{Heap before GC invocations=29 (full 0):
 garbage-first heap   total 133120K, used 106332K [0x0000000080000000, 0x0000000100000000)
  region size 1024K, 43 young (44032K), 6 survivors (6144K)
 Metaspace       used 78572K, capacity 80300K, committed 80512K, reserved 1118208K
  class space    used 10167K, capacity 10803K, committed 10880K, reserved 1048576K
}
Event: 21.471 GC heap after
{Heap after GC invocations=30 (full 0):
 garbage-first heap   total 159744K, used 70570K [0x0000000080000000, 0x0000000100000000)
  region size 1024K, 5 young (5120K), 5 survivors (5120K)
 Metaspace       used 78572K, capacity 80300K, committed 80512K, reserved 1118208K
  class space    used 10167K, capacity 10803K, committed 10880K, reserved 1048576K
}
Event: 22.550 GC heap before
{Heap before GC invocations=30 (full 0):
 garbage-first heap   total 159744K, used 116650K [0x0000000080000000, 0x0000000100000000)
  region size 1024K, 51 young (52224K), 5 survivors (5120K)
 Metaspace       used 82744K, capacity 84533K, committed 84608K, reserved 1122304K
  class space    used 10661K, capacity 11324K, committed 11392K, reserved 1048576K
}
Event: 22.574 GC heap after
{Heap after GC invocations=31 (full 0):
 garbage-first heap   total 159744K, used 76018K [0x0000000080000000, 0x0000000100000000)
  region size 1024K, 7 young (7168K), 7 survivors (7168K)
 Metaspace       used 82744K, capacity 84533K, committed 84608K, reserved 1122304K
  class space    used 10661K, capacity 11324K, committed 11392K, reserved 1048576K
}
Event: 24.562 GC heap before
{Heap before GC invocations=31 (full 0):
 garbage-first heap   total 159744K, used 122098K [0x0000000080000000, 0x0000000100000000)
  region size 1024K, 53 young (54272K), 7 survivors (7168K)
 Metaspace       used 86211K, capacity 88298K, committed 88576K, reserved 1126400K
  class space    used 11123K, capacity 11934K, committed 12032K, reserved 1048576K
}
Event: 24.625 GC heap after
{Heap after GC invocations=32 (full 0):
 garbage-first heap   total 159744K, used 80621K [0x0000000080000000, 0x0000000100000000)
  region size 1024K, 5 young (5120K), 5 survivors (5120K)
 Metaspace       used 86211K, capacity 88298K, committed 88576K, reserved 1126400K
  class space    used 11123K, capacity 11934K, committed 12032K, reserved 1048576K
}
Event: 26.374 GC heap before
{Heap before GC invocations=32 (full 0):
 garbage-first heap   total 159744K, used 125677K [0x0000000080000000, 0x0000000100000000)
  region size 1024K, 50 young (51200K), 5 survivors (5120K)
 Metaspace       used 86581K, capacity 88682K, committed 88832K, reserved 1126400K
  class space    used 11128K, capacity 11941K, committed 12032K, reserved 1048576K
}
Event: 26.399 GC heap after
{Heap after GC invocations=33 (full 0):
 garbage-first heap   total 159744K, used 83703K [0x0000000080000000, 0x0000000100000000)
  region size 1024K, 3 young (3072K), 3 survivors (3072K)
 Metaspace       used 86581K, capacity 88682K, committed 88832K, reserved 1126400K
  class space    used 11128K, capacity 11941K, committed 12032K, reserved 1048576K
}
Event: 27.387 GC heap before
{Heap before GC invocations=34 (full 0):
 garbage-first heap   total 159744K, used 128759K [0x0000000080000000, 0x0000000100000000)
  region size 1024K, 48 young (49152K), 3 survivors (3072K)
 Metaspace       used 87120K, capacity 89325K, committed 89600K, reserved 1126400K
  class space    used 11173K, capacity 11995K, committed 12032K, reserved 1048576K
}
Event: 27.399 GC heap after
{Heap after GC invocations=35 (full 0):
 garbage-first heap   total 211968K, used 85935K [0x0000000080000000, 0x0000000100000000)
  region size 1024K, 6 young (6144K), 6 survivors (6144K)
 Metaspace       used 87120K, capacity 89325K, committed 89600K, reserved 1126400K
  class space    used 11173K, capacity 11995K, committed 12032K, reserved 1048576K
}
Event: 28.328 GC heap before
{Heap before GC invocations=35 (full 0):
 garbage-first heap   total 211968K, used 149423K [0x0000000080000000, 0x0000000100000000)
  region size 1024K, 69 young (70656K), 6 survivors (6144K)
 Metaspace       used 87679K, capacity 89895K, committed 90240K, reserved 1128448K
  class space    used 11239K, capacity 12040K, committed 12160K, reserved 1048576K
}
Event: 28.342 GC heap after
{Heap after GC invocations=36 (full 0):
 garbage-first heap   total 211968K, used 89751K [0x0000000080000000, 0x0000000100000000)
  region size 1024K, 7 young (7168K), 7 survivors (7168K)
 Metaspace       used 87679K, capacity 89895K, committed 90240K, reserved 1128448K
  class space    used 11239K, capacity 12040K, committed 12160K, reserved 1048576K
}
Event: 29.844 GC heap before
{Heap before GC invocations=36 (full 0):
 garbage-first heap   total 211968K, used 170647K [0x0000000080000000, 0x0000000100000000)
  region size 1024K, 87 young (89088K), 7 survivors (7168K)
 Metaspace       used 92257K, capacity 94453K, committed 94592K, reserved 1130496K
  class space    used 11808K, capacity 12617K, committed 12672K, reserved 1048576K
}
Event: 29.875 GC heap after
{Heap after GC invocations=37 (full 0):
 garbage-first heap   total 211968K, used 93166K [0x0000000080000000, 0x0000000100000000)
  region size 1024K, 8 young (8192K), 8 survivors (8192K)
 Metaspace       used 92257K, capacity 94453K, committed 94592K, reserved 1130496K
  class space    used 11808K, capacity 12617K, committed 12672K, reserved 1048576K
}
Event: 56.050 GC heap before
{Heap before GC invocations=37 (full 0):
 garbage-first heap   total 211968K, used 173038K [0x0000000080000000, 0x0000000100000000)
  region size 1024K, 86 young (88064K), 8 survivors (8192K)
 Metaspace       used 96514K, capacity 98965K, committed 99072K, reserved 1134592K
  class space    used 12405K, capacity 13292K, committed 13312K, reserved 1048576K
}
Event: 56.225 GC heap after
{Heap after GC invocations=38 (full 0):
 garbage-first heap   total 211968K, used 96787K [0x0000000080000000, 0x0000000100000000)
  region size 1024K, 7 young (7168K), 7 survivors (7168K)
 Metaspace       used 96514K, capacity 98965K, committed 99072K, reserved 1134592K
  class space    used 12405K, capacity 13292K, committed 13312K, reserved 1048576K
}
Event: 68.360 GC heap before
{Heap before GC invocations=38 (full 0):
 garbage-first heap   total 211968K, used 176659K [0x0000000080000000, 0x0000000100000000)
  region size 1024K, 84 young (86016K), 7 survivors (7168K)
 Metaspace       used 103265K, capacity 105772K, committed 105856K, reserved 1140736K
  class space    used 13238K, capacity 14154K, committed 14208K, reserved 1048576K
}
Event: 68.841 GC heap after
{Heap after GC invocations=39 (full 0):
 garbage-first heap   total 211968K, used 109273K [0x0000000080000000, 0x0000000100000000)
  region size 1024K, 11 young (11264K), 11 survivors (11264K)
 Metaspace       used 103265K, capacity 105772K, committed 105856K, reserved 1140736K
  class space    used 13238K, capacity 14154K, committed 14208K, reserved 1048576K
}

